<?xml version="1.0" encoding="UTF-8"?>
<!-- Generated by org.testng.reporters.JUnitXMLReporter -->
<testsuite ignored="15" hostname="ArunMotoori" failures="1" tests="1" name="Default test" time="48.824" errors="0" timestamp="2025-03-08T13:10:04 IST">
  <testcase classname="tests.Search" name="verifyDisplayingOfSearchFieldAndSearchButtonOnAllPagesOfTheApplication" time="39.362">
    <failure type="org.openqa.selenium.NoSuchElementException" message="no such element: Unable to locate element: {&amp;quot;method&amp;quot;:&amp;quot;xpath&amp;quot;,&amp;quot;selector&amp;quot;:&amp;quot;//a[@*=&amp;apos;View&amp;apos;]&amp;quot;}
  (Session info: chrome=133.0.6943.143)
For documentation on this error, please visit: https://www.selenium.dev/documentation/webdriver/troubleshooting/errors#no-such-element-exception
Build info: version: &amp;apos;4.27.0&amp;apos;, revision: &amp;apos;d6e718d134&amp;apos;
System info: os.name: &amp;apos;Windows 11&amp;apos;, os.arch: &amp;apos;amd64&amp;apos;, os.version: &amp;apos;10.0&amp;apos;, java.version: &amp;apos;21.0.4&amp;apos;
Driver info: org.openqa.selenium.chrome.ChromeDriver
Command: [6a028bd7d8291c7556701ed0b88a6c21, findElement {using=xpath, value=//a[@*=&amp;apos;View&amp;apos;]}]
Capabilities {acceptInsecureCerts: false, browserName: chrome, browserVersion: 133.0.6943.143, chrome: {chromedriverVersion: 133.0.6943.141 (2a5d6da0d61..., userDataDir: C:\Users\arunm\AppData\Loca...}, fedcm:accounts: true, goog:chromeOptions: {debuggerAddress: localhost:53530}, networkConnectionEnabled: false, pageLoadStrategy: normal, platformName: windows, proxy: Proxy(), se:cdp: ws://localhost:53530/devtoo..., se:cdpVersion: 133.0.6943.143, setWindowRect: true, strictFileInteractability: false, timeouts: {implicit: 0, pageLoad: 300000, script: 30000}, unhandledPromptBehavior: dismiss and notify, webauthn:extension:credBlob: true, webauthn:extension:largeBlob: true, webauthn:extension:minPinLength: true, webauthn:extension:prf: true, webauthn:virtualAuthenticators: true}
Session ID: 6a028bd7d8291c7556701ed0b88a6c21">
      <![CDATA[org.openqa.selenium.NoSuchElementException: no such element: Unable to locate element: {"method":"xpath","selector":"//a[@*='View']"}
  (Session info: chrome=133.0.6943.143)
For documentation on this error, please visit: https://www.selenium.dev/documentation/webdriver/troubleshooting/errors#no-such-element-exception
Build info: version: '4.27.0', revision: 'd6e718d134'
System info: os.name: 'Windows 11', os.arch: 'amd64', os.version: '10.0', java.version: '21.0.4'
Driver info: org.openqa.selenium.chrome.ChromeDriver
Command: [6a028bd7d8291c7556701ed0b88a6c21, findElement {using=xpath, value=//a[@*='View']}]
Capabilities {acceptInsecureCerts: false, browserName: chrome, browserVersion: 133.0.6943.143, chrome: {chromedriverVersion: 133.0.6943.141 (2a5d6da0d61..., userDataDir: C:\Users\arunm\AppData\Loca...}, fedcm:accounts: true, goog:chromeOptions: {debuggerAddress: localhost:53530}, networkConnectionEnabled: false, pageLoadStrategy: normal, platformName: windows, proxy: Proxy(), se:cdp: ws://localhost:53530/devtoo..., se:cdpVersion: 133.0.6943.143, setWindowRect: true, strictFileInteractability: false, timeouts: {implicit: 0, pageLoad: 300000, script: 30000}, unhandledPromptBehavior: dismiss and notify, webauthn:extension:credBlob: true, webauthn:extension:largeBlob: true, webauthn:extension:minPinLength: true, webauthn:extension:prf: true, webauthn:virtualAuthenticators: true}
Session ID: 6a028bd7d8291c7556701ed0b88a6c21
at java.base/jdk.internal.reflect.DirectConstructorHandleAccessor.newInstance(DirectConstructorHandleAccessor.java:62)
at java.base/java.lang.reflect.Constructor.newInstanceWithCaller(Constructor.java:502)
at java.base/java.lang.reflect.Constructor.newInstance(Constructor.java:486)
at org.openqa.selenium.remote.ErrorCodec.decode(ErrorCodec.java:167)
at org.openqa.selenium.remote.codec.w3c.W3CHttpResponseCodec.decode(W3CHttpResponseCodec.java:138)
at org.openqa.selenium.remote.codec.w3c.W3CHttpResponseCodec.decode(W3CHttpResponseCodec.java:50)
at org.openqa.selenium.remote.HttpCommandExecutor.execute(HttpCommandExecutor.java:190)
at org.openqa.selenium.remote.service.DriverCommandExecutor.invokeExecute(DriverCommandExecutor.java:216)
at org.openqa.selenium.remote.service.DriverCommandExecutor.execute(DriverCommandExecutor.java:174)
at org.openqa.selenium.remote.RemoteWebDriver.execute(RemoteWebDriver.java:545)
at org.openqa.selenium.remote.ElementLocation$ElementFinder$2.findElement(ElementLocation.java:165)
at org.openqa.selenium.remote.ElementLocation.findElement(ElementLocation.java:59)
at org.openqa.selenium.remote.RemoteWebDriver.findElement(RemoteWebDriver.java:368)
at org.openqa.selenium.remote.RemoteWebDriver.findElement(RemoteWebDriver.java:362)
at org.openqa.selenium.support.pagefactory.DefaultElementLocator.findElement(DefaultElementLocator.java:68)
at org.openqa.selenium.support.pagefactory.internal.LocatingElementHandler.invoke(LocatingElementHandler.java:38)
at jdk.proxy2/jdk.proxy2.$Proxy12.isDisplayed(Unknown Source)
at utils.ElementUtilities.isElementDisplayedOnPage(ElementUtilities.java:102)
at utils.ElementUtilities.clickOnElement(ElementUtilities.java:59)
at pages.ProductReturnsPage.clickOnViewOption(ProductReturnsPage.java:32)
at tests.Search.verifyDisplayingOfSearchFieldAndSearchButtonOnAllPagesOfTheApplication(Search.java:302)
at java.base/jdk.internal.reflect.DirectMethodHandleAccessor.invoke(DirectMethodHandleAccessor.java:103)
at java.base/java.lang.reflect.Method.invoke(Method.java:580)
at org.testng.internal.invokers.MethodInvocationHelper.invokeMethod(MethodInvocationHelper.java:141)
at org.testng.internal.invokers.TestInvoker.invokeMethod(TestInvoker.java:686)
at org.testng.internal.invokers.TestInvoker.invokeTestMethod(TestInvoker.java:230)
at org.testng.internal.invokers.MethodRunner.runInSequence(MethodRunner.java:63)
at org.testng.internal.invokers.TestInvoker$MethodInvocationAgent.invoke(TestInvoker.java:992)
at org.testng.internal.invokers.TestInvoker.invokeTestMethods(TestInvoker.java:203)
at org.testng.internal.invokers.TestMethodWorker.invokeTestMethods(TestMethodWorker.java:154)
at org.testng.internal.invokers.TestMethodWorker.run(TestMethodWorker.java:134)
at java.base/java.util.ArrayList.forEach(ArrayList.java:1596)
at org.testng.TestRunner.privateRun(TestRunner.java:739)
at org.testng.TestRunner.run(TestRunner.java:614)
at org.testng.SuiteRunner.runTest(SuiteRunner.java:421)
at org.testng.SuiteRunner.runSequentially(SuiteRunner.java:413)
at org.testng.SuiteRunner.privateRun(SuiteRunner.java:373)
at org.testng.SuiteRunner.run(SuiteRunner.java:312)
at org.testng.SuiteRunnerWorker.runSuite(SuiteRunnerWorker.java:52)
at org.testng.SuiteRunnerWorker.run(SuiteRunnerWorker.java:95)
at org.testng.TestNG.runSuitesSequentially(TestNG.java:1274)
at org.testng.TestNG.runSuitesLocally(TestNG.java:1208)
at org.testng.TestNG.runSuites(TestNG.java:1112)
at org.testng.TestNG.run(TestNG.java:1079)
at org.testng.remote.AbstractRemoteTestNG.run(AbstractRemoteTestNG.java:115)
at org.testng.remote.RemoteTestNG.initAndRun(RemoteTestNG.java:293)
at org.testng.remote.RemoteTestNG.main(RemoteTestNG.java:91)
]]>
    </failure>
  </testcase> <!-- verifyDisplayingOfSearchFieldAndSearchButtonOnAllPagesOfTheApplication -->
  <testcase classname="tests.Search" name="verifySearchUsingTextInProductDescription" time="0.0">
    <ignored/>
  </testcase> <!-- verifySearchUsingTextInProductDescription -->
  <testcase classname="tests.Search" name="verifyNavigationToProductComparisonPageFromSearchResultsPage" time="0.0">
    <ignored/>
  </testcase> <!-- verifyNavigationToProductComparisonPageFromSearchResultsPage -->
  <testcase classname="tests.Search" name="verifySearchWithAnExistingProduct" time="0.0">
    <ignored/>
  </testcase> <!-- verifySearchWithAnExistingProduct -->
  <testcase classname="tests.Search" name="verifyProductSeachResultingMultipleProducts" time="0.0">
    <ignored/>
  </testcase> <!-- verifyProductSeachResultingMultipleProducts -->
  <testcase classname="tests.Search" name="verifySearchBySelectingToSearchInSubCategories" time="0.0">
    <ignored/>
  </testcase> <!-- verifySearchBySelectingToSearchInSubCategories -->
  <testcase classname="tests.Search" name="verifyListAndGridViewsInSearchResultsPageHavingOneProduct" time="0.0">
    <ignored/>
  </testcase> <!-- verifyListAndGridViewsInSearchResultsPageHavingOneProduct -->
  <testcase classname="tests.Search" name="verifySearchBySelectingTheCategory" time="0.0">
    <ignored/>
  </testcase> <!-- verifySearchBySelectingTheCategory -->
  <testcase classname="tests.Search" name="verifySearchWithANonExistingProduct" time="0.0">
    <ignored/>
  </testcase> <!-- verifySearchWithANonExistingProduct -->
  <testcase classname="tests.Search" name="verifyListAndGridViewsWhenMultipleProductsAreDisplayed" time="0.0">
    <ignored/>
  </testcase> <!-- verifyListAndGridViewsWhenMultipleProductsAreDisplayed -->
  <testcase classname="tests.Search" name="verifySearchFunctionalityFielsPlaceHolders" time="0.0">
    <ignored/>
  </testcase> <!-- verifySearchFunctionalityFielsPlaceHolders -->
  <testcase classname="tests.Search" name="verifyProductSearchAfterLogin" time="0.0">
    <ignored/>
  </testcase> <!-- verifyProductSearchAfterLogin -->
  <testcase classname="tests.Search" name="verifyAllSortingOptionsInSearchResultsPage" time="0.0">
    <ignored/>
  </testcase> <!-- verifyAllSortingOptionsInSearchResultsPage -->
  <testcase classname="tests.Search" name="verifyShowProductsByLimitingCount" time="0.0">
    <ignored/>
  </testcase> <!-- verifyShowProductsByLimitingCount -->
  <testcase classname="tests.Search" name="verifySearchFunctionalityUsingSearchCriteriaField" time="0.0">
    <ignored/>
  </testcase> <!-- verifySearchFunctionalityUsingSearchCriteriaField -->
  <testcase classname="tests.Search" name="verifySearchWithoutEnterAnyProduct" time="0.0">
    <ignored/>
  </testcase> <!-- verifySearchWithoutEnterAnyProduct -->
</testsuite> <!-- Default test -->
