<?xml version="1.0" encoding="UTF-8"?>
<!-- Generated by org.testng.reporters.JUnitXMLReporter -->
<testsuite ignored="1" hostname="ArunMotoori" failures="12" tests="82" name="Test" time="981.816" errors="0" timestamp="2025-03-16T13:35:36 IST">
  <testcase classname="tests.Register" name="verifyRegisteringAccountUsingMandatoryFields" time="4.058"/>
  <testcase classname="tests.Register" name="verifyThankYourConfirmationEmailOnSuccessfulRegistration" time="6.043"/>
  <testcase classname="tests.Register" name="verifyRegistringAccountUsingAllFields" time="3.839"/>
  <testcase classname="tests.Register" name="verifyWarningMessageOfMandatoryFieldsInRegisterAccountPage" time="0.761"/>
  <testcase classname="tests.Register" name="verifyRegisteringAccountBySubscribingToNewsletter" time="5.536"/>
  <testcase classname="tests.Register" name="verifyRegisteringAccountByNotSubscribingToNewsletter" time="4.03"/>
  <testcase classname="tests.Register" name="verifyDifferentWaysOfNavigatingToRegisterAccountPage" time="2.168"/>
  <testcase classname="tests.Register" name="verifyRegisteringAccountByProvidingMismatchedPasswords" time="2.237"/>
  <testcase classname="tests.Register" name="verifyRegisterAccountWithExistingEmailAddress" time="2.266"/>
  <testcase classname="tests.Register" name="verifyRegisteringAccountUsingInvalidEmail" time="4.917"/>
  <testcase classname="tests.Register" name="verifyRegisteringAccountUsingInvalidTelephoneNumber" time="5.914">
    <failure type="java.lang.AssertionError" message="expected [true] but found [false]">
      <![CDATA[java.lang.AssertionError: expected [true] but found [false]
at tests.Register.verifyRegisteringAccountUsingInvalidTelephoneNumber(Register.java:371)
at java.base/java.util.ArrayList.forEach(ArrayList.java:1596)
... Removed 29 stack frames]]>
    </failure>
  </testcase> <!-- verifyRegisteringAccountUsingInvalidTelephoneNumber -->
  <testcase classname="tests.Register" name="verifyRegisteringAccountUsingKeyboardKeys" time="2.242"/>
  <testcase classname="tests.Register" name="verifyRegisterAccountPagePlaceholders" time="0.122"/>
  <testcase classname="tests.Register" name="verifyMandatoryFieldsInRegisterAccountPage" time="0.243">
    <failure type="java.lang.AssertionError" message="expected [&amp;quot;* &amp;quot;] but found [none]">
      <![CDATA[java.lang.AssertionError: expected ["* "] but found [none]
at tests.Register.verifyMandatoryFieldsInRegisterAccountPage(Register.java:473)
at java.base/java.util.ArrayList.forEach(ArrayList.java:1596)
... Removed 31 stack frames]]>
    </failure>
  </testcase> <!-- verifyMandatoryFieldsInRegisterAccountPage -->
  <testcase classname="tests.Register" name="verifyRegisteringAccountByEnteringOnlySpaces" time="5.348">
    <failure type="java.lang.AssertionError" message="expected [Telephone does not appear to be valid!] but found []">
      <![CDATA[java.lang.AssertionError: expected [Telephone does not appear to be valid!] but found []
at tests.Register.verifyRegisteringAccountByEnteringOnlySpaces(Register.java:574)
at java.base/java.util.ArrayList.forEach(ArrayList.java:1596)
... Removed 31 stack frames]]>
    </failure>
  </testcase> <!-- verifyRegisteringAccountByEnteringOnlySpaces -->
  <testcase classname="tests.Register" name="verifyRegisteringAccountUsingPasswordsWhichAreNotFollowingPasswordComplexityStandards" time="5.657">
    <failure type="java.lang.AssertionError" message="expected [true] but found [false]">
      <![CDATA[java.lang.AssertionError: expected [true] but found [false]
at tests.Register.verifyRegisteringAccountUsingPasswordsWhichAreNotFollowingPasswordComplexityStandards(Register.java:606)
at java.base/java.util.ArrayList.forEach(ArrayList.java:1596)
... Removed 29 stack frames]]>
    </failure>
  </testcase> <!-- verifyRegisteringAccountUsingPasswordsWhichAreNotFollowingPasswordComplexityStandards -->
  <testcase classname="tests.Register" name="verifyRegisteringAccountUsingPasswordsWhichAreNotFollowingPasswordComplexityStandards" time="6.021">
    <failure type="java.lang.AssertionError" message="expected [true] but found [false]">
      <![CDATA[java.lang.AssertionError: expected [true] but found [false]
at tests.Register.verifyRegisteringAccountUsingPasswordsWhichAreNotFollowingPasswordComplexityStandards(Register.java:606)
at java.base/java.util.ArrayList.forEach(ArrayList.java:1596)
... Removed 29 stack frames]]>
    </failure>
  </testcase> <!-- verifyRegisteringAccountUsingPasswordsWhichAreNotFollowingPasswordComplexityStandards -->
  <testcase classname="tests.Register" name="verifyRegisteringAccountUsingPasswordsWhichAreNotFollowingPasswordComplexityStandards" time="7.214">
    <failure type="java.lang.AssertionError" message="expected [true] but found [false]">
      <![CDATA[java.lang.AssertionError: expected [true] but found [false]
at tests.Register.verifyRegisteringAccountUsingPasswordsWhichAreNotFollowingPasswordComplexityStandards(Register.java:606)
at java.base/java.util.ArrayList.forEach(ArrayList.java:1596)
... Removed 29 stack frames]]>
    </failure>
  </testcase> <!-- verifyRegisteringAccountUsingPasswordsWhichAreNotFollowingPasswordComplexityStandards -->
  <testcase classname="tests.Register" name="verifyRegisteringAccountUsingPasswordsWhichAreNotFollowingPasswordComplexityStandards" time="6.983">
    <failure type="java.lang.AssertionError" message="expected [true] but found [false]">
      <![CDATA[java.lang.AssertionError: expected [true] but found [false]
at tests.Register.verifyRegisteringAccountUsingPasswordsWhichAreNotFollowingPasswordComplexityStandards(Register.java:606)
at java.base/java.util.ArrayList.forEach(ArrayList.java:1596)
... Removed 29 stack frames]]>
    </failure>
  </testcase> <!-- verifyRegisteringAccountUsingPasswordsWhichAreNotFollowingPasswordComplexityStandards -->
  <testcase classname="tests.Register" name="verifyRegisteringAccountUsingPasswordsWhichAreNotFollowingPasswordComplexityStandards" time="6.11">
    <failure type="java.lang.AssertionError" message="expected [true] but found [false]">
      <![CDATA[java.lang.AssertionError: expected [true] but found [false]
at tests.Register.verifyRegisteringAccountUsingPasswordsWhichAreNotFollowingPasswordComplexityStandards(Register.java:606)
at java.base/java.util.ArrayList.forEach(ArrayList.java:1596)
... Removed 29 stack frames]]>
    </failure>
  </testcase> <!-- verifyRegisteringAccountUsingPasswordsWhichAreNotFollowingPasswordComplexityStandards -->
  <testcase classname="tests.Register" name="verifyHeightWidthNumberOfCharacters" time="50.446">
    <failure type="java.lang.AssertionError" message="expected [true] but found [false]">
      <![CDATA[java.lang.AssertionError: expected [true] but found [false]
at tests.Register.verifyHeightWidthNumberOfCharacters(Register.java:777)
at java.base/java.util.ArrayList.forEach(ArrayList.java:1596)
... Removed 29 stack frames]]>
    </failure>
  </testcase> <!-- verifyHeightWidthNumberOfCharacters -->
  <testcase classname="tests.Register" name="verifyRegisterAccountUsingLeadingAndTrailingSpaces" time="6.108">
    <failure type="java.lang.AssertionError" message="The following asserts failed:
	expected [Arun] but found [     Arun     ],
	expected [Motoori] but found [     Motoori     ],
	expected [1234567890] but found [     1234567890     ]">
      <![CDATA[java.lang.AssertionError: The following asserts failed:
expected [Arun] but found [     Arun     ],
expected [Motoori] but found [     Motoori     ],
expected [1234567890] but found [     1234567890     ]
at tests.Register.verifyRegisterAccountUsingLeadingAndTrailingSpaces(Register.java:827)
at java.base/java.util.ArrayList.forEach(ArrayList.java:1596)
... Removed 27 stack frames]]>
    </failure>
  </testcase> <!-- verifyRegisterAccountUsingLeadingAndTrailingSpaces -->
  <testcase classname="tests.Register" name="verifyRegisterAccountPrivacyPolicyField" time="0.076"/>
  <testcase classname="tests.Register" name="verifyRegisteringAccountWithoutSelectingPrivacyPolicyCheckboxField" time="3.901"/>
  <testcase classname="tests.Register" name="verifyRegisteringAccountPasswordFieldsForSecurity" time="0.091"/>
  <testcase classname="tests.Register" name="verifyRegisterAccountPageNavigations" time="35.9"/>
  <testcase classname="tests.Register" name="verifyRegisteringAccountWithoutEnteringConfirmationPassword" time="3.147"/>
  <testcase classname="tests.Register" name="verifyRegisterAccountPageBreadcrumbURLTitleHeading" time="0.155"/>
  <testcase classname="tests.Register" name="verifyRegisterAccountUI" time="0.605"/>
  <testcase classname="tests.Register" name="verifyRegisterAccountInAllEnvironments" time="3.265"/>
  <testcase classname="tests.Login" name="verifyLoggingIntoApplicationUsingValidCredentails" time="7.752"/>
  <testcase classname="tests.Login" name="verifyLoggingIntoApplicationUsingInvalidCredentials" time="1.777"/>
  <testcase classname="tests.Login" name="verifyLoggingIntoApplicationUsingInvalidEmailAndValidPassword" time="1.63"/>
  <testcase classname="tests.Login" name="verifyLoggingIntoApplicationUsingValidEmailAndInvalidPassword" time="1.503"/>
  <testcase classname="tests.Login" name="verifyLoggingIntoApplicationWithoutProvidingAnyCredentials" time="0.875"/>
  <testcase classname="tests.Login" name="verifyForgottenPasswordOptionIsAvailable" time="0.844"/>
  <testcase classname="tests.Login" name="verifyLoggingIntoApplicationUsingKeyboardKeys" time="7.323"/>
  <testcase classname="tests.Login" name="verifyPlaceHoldersOfFieldsInLoginPage" time="0.049"/>
  <testcase classname="tests.Login" name="verifyBrowsingBackAfterLogin" time="10.724"/>
  <testcase classname="tests.Login" name="verifyBrowsingBackAfterLogout" time="11.741"/>
  <testcase classname="tests.Login" name="verifyLoggingIntoApplicationUsingInactiveCredentials" time="1.416"/>
  <testcase classname="tests.Login" name="verifyNumberOfUnsuccessfulLoginAttemps" time="9.334"/>
  <testcase classname="tests.Login" name="verifyLoginPasswordFieldForVisibility" time="0.062"/>
  <testcase classname="tests.Login" name="verifyCopyingOfTextEnteredIntoPasswordField" time="1.66"/>
  <testcase classname="tests.Login" name="verifyPasswordIsNotVisibleInPageSource" time="1.239">
    <failure type="java.lang.AssertionError" message="expected [false] but found [true]">
      <![CDATA[java.lang.AssertionError: expected [false] but found [true]
at tests.Login.verifyPasswordIsNotVisibleInPageSource(Login.java:212)
at java.base/java.util.ArrayList.forEach(ArrayList.java:1596)
... Removed 29 stack frames]]>
    </failure>
  </testcase> <!-- verifyPasswordIsNotVisibleInPageSource -->
  <testcase classname="tests.Login" name="verifyLoggingIntoApplicationUsingChangedPassword" time="9.52"/>
  <testcase classname="tests.Login" name="verifyLoginPageNavigations" time="31.671"/>
  <testcase classname="tests.Login" name="verifyDifferrentWaysOfNavigatingToLoginPage" time="2.687"/>
  <testcase classname="tests.Login" name="verifyLoginPageBreadcrumbURLTitleHeading" time="0.197"/>
  <testcase classname="tests.Login" name="verifyLoginPageUI" time="0.463"/>
  <testcase classname="tests.Login" name="verifyLoginInAllEnvironments" time="8.405"/>
  <testcase classname="tests.Logout" name="verifyLoggingOutUsingMyAccountLogoutOption" time="5.637"/>
  <testcase classname="tests.Logout" name="verifyLoggingOutUsingRightColumnLogoutOption" time="9.773"/>
  <testcase classname="tests.Logout" name="verifyLoggingOutAndBrowsingBack" time="7.076"/>
  <testcase classname="tests.Logout" name="verifyNoLogoutOptionBeforeLoginInMyAccountDropMenu" time="3.275"/>
  <testcase classname="tests.Logout" name="verifyNoLogoutOptionBeforeLoginInRightColumnOptions" time="4.325"/>
  <testcase classname="tests.Logout" name="verifyLoginImmediatleyAfterLogout" time="8.618"/>
  <testcase classname="tests.Logout" name="verifyBreadcrumbTitleURLAndHeadingOfAccountLogoutPage" time="6.185"/>
  <testcase classname="tests.Logout" name="verifyLogoutUI" time="7.481"/>
  <testcase classname="tests.Logout" name="verifyLogoutInAllSupportedEnvironments" time="7.401"/>
  <testcase classname="tests.Search" name="verifySearchWithAnExistingProduct" time="0.926"/>
  <testcase classname="tests.Search" name="verifySearchWithANonExistingProduct" time="1.29"/>
  <testcase classname="tests.Search" name="verifySearchWithoutEnterAnyProduct" time="0.715"/>
  <testcase classname="tests.Search" name="verifyProductSearchAfterLogin" time="3.841"/>
  <testcase classname="tests.Search" name="verifyProductSeachResultingMultipleProducts" time="1.165"/>
  <testcase classname="tests.Search" name="verifySearchFunctionalityFielsPlaceHolders" time="0.662"/>
  <testcase classname="tests.Search" name="verifySearchFunctionalityUsingSearchCriteriaField" time="1.72"/>
  <testcase classname="tests.Search" name="verifySearchUsingTextInProductDescription" time="2.185"/>
  <testcase classname="tests.Search" name="verifySearchBySelectingTheCategory" time="3.307"/>
  <testcase classname="tests.Search" name="verifySearchBySelectingToSearchInSubCategories" time="3.222"/>
  <testcase classname="tests.Search" name="verifyListAndGridViewsInSearchResultsPageHavingOneProduct" time="11.836"/>
  <testcase classname="tests.Search" name="verifyListAndGridViewsWhenMultipleProductsAreDisplayed" time="2.084"/>
  <testcase classname="tests.Search" name="verifyNavigationToProductComparisonPageFromSearchResultsPage" time="1.857"/>
  <testcase classname="tests.Search" name="verifyAllSortingOptionsInSearchResultsPage" time="1.51"/>
  <testcase classname="tests.Search" name="verifyShowProductsByLimitingCount" time="1.639">
    <failure type="java.lang.AssertionError" message="expected [true] but found [false]">
      <![CDATA[java.lang.AssertionError: expected [true] but found [false]
at tests.Search.verifyShowProductsByLimitingCount(Search.java:236)
at java.base/java.util.ArrayList.forEach(ArrayList.java:1596)
... Removed 29 stack frames]]>
    </failure>
  </testcase> <!-- verifyShowProductsByLimitingCount -->
  <testcase classname="tests.Search" name="verifyDisplayingOfSearchFieldAndSearchButtonOnAllPagesOfTheApplication" time="58.21"/>
  <testcase classname="tests.Search" name="verifyNavigatingToSearchPageFromSiteMapPage" time="1.323"/>
  <testcase classname="tests.Search" name="verifyBreadcrumbOptionInSearchResultsPage" time="1.844"/>
  <testcase classname="tests.Search" name="verifyUsingAllOptionsOnSearchResultsPageUsingKeyboardKeys" time="10.65"/>
  <testcase classname="tests.Search" name="verifySearchPageHeadingTitleURL" time="0.593"/>
  <testcase classname="tests.Search" name="verifySearchPageUI" time="1.128"/>
  <testcase classname="tests.Search" name="verifySearchFunctionalityInAllEnvironments" time="1.159"/>
  <testcase classname="tests.Register" name="verifyDataBaseTestingForRegisterAccount" time="0.0">
    <ignored/>
  </testcase> <!-- verifyDataBaseTestingForRegisterAccount -->
</testsuite> <!-- Test -->
