<?xml version="1.0" encoding="UTF-8"?>
<!-- Generated by org.testng.reporters.JUnitReportReporter -->
<testsuite hostname="ArunMotoori" failures="1" tests="22" name="tests.Search" time="239.453" errors="0" timestamp="2025-03-16T13:35:37 IST" skipped="0">
  <testcase classname="tests.Search" name="verifySearchWithAnExistingProduct" time="6.038"/>
  <testcase classname="tests.Search" name="verifySearchWithANonExistingProduct" time="6.720"/>
  <testcase classname="tests.Search" name="verifySearchWithoutEnterAnyProduct" time="5.467"/>
  <testcase classname="tests.Search" name="verifyProductSearchAfterLogin" time="8.880"/>
  <testcase classname="tests.Search" name="verifyProductSeachResultingMultipleProducts" time="6.583"/>
  <testcase classname="tests.Search" name="verifySearchFunctionalityFielsPlaceHolders" time="6.008"/>
  <testcase classname="tests.Search" name="verifySearchFunctionalityUsingSearchCriteriaField" time="7.544"/>
  <testcase classname="tests.Search" name="verifySearchUsingTextInProductDescription" time="8.948"/>
  <testcase classname="tests.Search" name="verifySearchBySelectingTheCategory" time="8.611"/>
  <testcase classname="tests.Search" name="verifySearchBySelectingToSearchInSubCategories" time="8.506"/>
  <testcase classname="tests.Search" name="verifyListAndGridViewsInSearchResultsPageHavingOneProduct" time="19.712"/>
  <testcase classname="tests.Search" name="verifyListAndGridViewsWhenMultipleProductsAreDisplayed" time="7.293"/>
  <testcase classname="tests.Search" name="verifyNavigationToProductComparisonPageFromSearchResultsPage" time="7.352"/>
  <testcase classname="tests.Search" name="verifyAllSortingOptionsInSearchResultsPage" time="6.645"/>
  <testcase classname="tests.Search" name="verifyShowProductsByLimitingCount" time="7.642">
    <failure message="expected [true] but found [false]" type="java.lang.AssertionError">
      <![CDATA[java.lang.AssertionError: expected [true] but found [false]
at org.testng.Assert.fail(Assert.java:111)
at org.testng.Assert.failNotEquals(Assert.java:1578)
at org.testng.Assert.assertTrue(Assert.java:57)
at org.testng.Assert.assertTrue(Assert.java:67)
at tests.Search.verifyShowProductsByLimitingCount(Search.java:236)
at java.base/jdk.internal.reflect.DirectMethodHandleAccessor.invoke(DirectMethodHandleAccessor.java:103)
at java.base/java.lang.reflect.Method.invoke(Method.java:580)
at org.testng.internal.invokers.MethodInvocationHelper.invokeMethod(MethodInvocationHelper.java:141)
at org.testng.internal.invokers.TestInvoker.invokeMethod(TestInvoker.java:686)
at org.testng.internal.invokers.TestInvoker.invokeTestMethod(TestInvoker.java:230)
at org.testng.internal.invokers.MethodRunner.runInSequence(MethodRunner.java:63)
at org.testng.internal.invokers.TestInvoker$MethodInvocationAgent.invoke(TestInvoker.java:992)
at org.testng.internal.invokers.TestInvoker.invokeTestMethods(TestInvoker.java:203)
at org.testng.internal.invokers.TestMethodWorker.invokeTestMethods(TestMethodWorker.java:154)
at org.testng.internal.invokers.TestMethodWorker.run(TestMethodWorker.java:134)
at java.base/java.util.ArrayList.forEach(ArrayList.java:1596)
at org.testng.TestRunner.privateRun(TestRunner.java:739)
at org.testng.TestRunner.run(TestRunner.java:614)
at org.testng.SuiteRunner.runTest(SuiteRunner.java:421)
at org.testng.SuiteRunner.runSequentially(SuiteRunner.java:413)
at org.testng.SuiteRunner.privateRun(SuiteRunner.java:373)
at org.testng.SuiteRunner.run(SuiteRunner.java:312)
at org.testng.SuiteRunnerWorker.runSuite(SuiteRunnerWorker.java:52)
at org.testng.SuiteRunnerWorker.run(SuiteRunnerWorker.java:95)
at org.testng.TestNG.runSuitesSequentially(TestNG.java:1274)
at org.testng.TestNG.runSuitesLocally(TestNG.java:1208)
at org.testng.TestNG.runSuites(TestNG.java:1112)
at org.testng.TestNG.run(TestNG.java:1079)
at org.testng.remote.AbstractRemoteTestNG.run(AbstractRemoteTestNG.java:115)
at org.testng.remote.RemoteTestNG.initAndRun(RemoteTestNG.java:293)
at org.testng.remote.RemoteTestNG.main(RemoteTestNG.java:91)
]]>
    </failure>
  </testcase> <!-- verifyShowProductsByLimitingCount -->
  <testcase classname="tests.Search" name="verifyDisplayingOfSearchFieldAndSearchButtonOnAllPagesOfTheApplication" time="64.632"/>
  <testcase classname="tests.Search" name="verifyNavigatingToSearchPageFromSiteMapPage" time="10.105"/>
  <testcase classname="tests.Search" name="verifyBreadcrumbOptionInSearchResultsPage" time="6.788"/>
  <testcase classname="tests.Search" name="verifyUsingAllOptionsOnSearchResultsPageUsingKeyboardKeys" time="15.690"/>
  <testcase classname="tests.Search" name="verifySearchPageHeadingTitleURL" time="6.204"/>
  <testcase classname="tests.Search" name="verifySearchPageUI" time="6.392"/>
  <testcase classname="tests.Search" name="verifySearchFunctionalityInAllEnvironments" time="7.693"/>
</testsuite> <!-- tests.Search -->
